\BOOKMARK [1][-]{section.1}{\376\377\000F\000o\000t\000o\000m\000e\000t\000r\000i\000a}{}% 1
\BOOKMARK [2][-]{subsection.1.1}{\376\377\000P\000o\000d\000s\000t\000a\000w\000o\000w\000e\000\040\000p\000o\000j\001\031\000c\000i\000a\000\040\000f\000o\000t\000o\000m\000e\000t\000r\000y\000c\000z\000n\000e}{section.1}% 2
\BOOKMARK [3][-]{subsubsection.1.1.1}{\376\377\001\132\000w\000i\000a\000t\001\102\000o\001\133\001\007\000\040\000I}{subsection.1.1}% 3
\BOOKMARK [3][-]{subsubsection.1.1.2}{\376\377\000S\000t\000r\000u\000m\000i\000e\001\104\000\040\001\133\000w\000i\000e\000t\000l\000n\000y\000\040}{subsection.1.1}% 4
\BOOKMARK [3][-]{subsubsection.1.1.3}{\376\377\000N\000a\000t\001\031\001\174\000e\000n\000i\000e\000\040\000o\001\133\000w\000i\000e\000t\000l\000e\000n\000i\000a\000\040\000E}{subsection.1.1}% 5
\BOOKMARK [3][-]{subsubsection.1.1.4}{\376\377\000R\000e\000l\000a\000c\000j\000e\000\040\000m\000i\001\031\000d\000z\000y\000\040\000w\000i\000e\000l\000k\000o\001\133\000c\000i\000a\000m\000i\000\040\000f\000o\000t\000o\000m\000e\000t\000r\000y\000c\000z\000n\000y\000m\000i}{subsection.1.1}% 6
\BOOKMARK [1][-]{section.2}{\376\377\000Z\000w\000i\000e\000r\000c\000i\000a\000d\001\102\000a\000\040\000p\001\102\000a\000s\000k\000i\000e\000\040\000i\000\040\000s\000f\000e\000r\000y\000c\000z\000n\000e}{}% 7
\BOOKMARK [2][-]{subsection.2.1}{\376\377\000Z\000w\000i\000e\000r\000c\000i\000a\000d\001\102\000o\000\040\000p\001\102\000a\000s\000k\000i\000e}{section.2}% 8
\BOOKMARK [3][-]{subsubsection.2.1.1}{\376\377\000K\000o\000n\000s\000t\000r\000u\000k\000c\000j\000a\000\040\000g\000r\000a\000f\000i\000c\000z\000n\000a\000\040\040\023\000\040\000z\000w\000i\000e\000r\000c\000i\000a\000d\001\102\000o\000\040\000p\001\102\000a\000s\000k\000i\000e}{subsection.2.1}% 9
\BOOKMARK [2][-]{subsection.2.2}{\376\377\000Z\000w\000i\000e\000r\000c\000i\000a\000d\001\102\000o\000\040\000s\000f\000e\000r\000y\000c\000z\000n\000e}{section.2}% 10
\BOOKMARK [3][-]{subsubsection.2.2.1}{\376\377\000O\000g\000n\000i\000s\000k\000o\000\040\000i\000\040\000o\000g\000n\000i\000s\000k\000o\000w\000a}{subsection.2.2}% 11
\BOOKMARK [3][-]{subsubsection.2.2.2}{\376\377\000R\000\363\000w\000n\000a\000n\000i\000e\000\040\000z\000w\000i\000e\000r\000c\000i\000a\000d\001\102\000a}{subsection.2.2}% 12
\BOOKMARK [3][-]{subsubsection.2.2.3}{\376\377\000P\000o\000w\000i\001\031\000k\000s\000z\000e\000n\000i\000e\000\040\000o\000b\000r\000a\000z\000u}{subsection.2.2}% 13
\BOOKMARK [3][-]{subsubsection.2.2.4}{\376\377\000O\000b\000r\000a\000z\000y\000\040\000w\000\040\000z\000w\000i\000e\000r\000c\000i\000a\000d\000l\000e\000\040\000w\000k\000l\001\031\000s\001\102\000y\000m\000\040\040\023\000\040\000p\000o\000d\000s\000u\000m\000o\000w\000a\000n\000i\000e}{subsection.2.2}% 14
\BOOKMARK [3][-]{subsubsection.2.2.5}{\376\377\000K\000o\000n\000s\000t\000r\000u\000k\000c\000j\000a\000\040\000g\000r\000a\000f\000i\000c\000z\000n\000a\000\040\040\023\000\040\000z\000w\000i\000e\000r\000c\000i\000a\000d\001\102\000o\000\040\000s\000f\000e\000r\000y\000c\000z\000n\000e}{subsection.2.2}% 15
\BOOKMARK [1][-]{section.3}{\376\377\000S\000o\000c\000z\000e\000w\000k\000i}{}% 16
\BOOKMARK [2][-]{subsection.3.1}{\376\377\000S\000o\000c\000z\000e\000w\000k\000i\000\040\000s\000k\000u\000p\000i\000a\000j\001\005\000c\000e\000\040\000i\000\040\000r\000o\000z\000p\000r\000a\000s\000z\000a\000j\001\005\000c\000e}{section.3}% 17
\BOOKMARK [3][-]{subsubsection.3.1.1}{\376\377\000O\000g\000n\000i\000s\000k\000o\000\040\000i\000\040\000o\000g\000n\000i\000s\000k\000o\000w\000a\000\040\000s\000o\000c\000z\000e\000w\000k\000i}{subsection.3.1}% 18
\BOOKMARK [3][-]{subsubsection.3.1.2}{\376\377\000R\000\363\000w\000n\000a\000n\000i\000e\000\040\000s\000o\000c\000z\000e\000w\000k\000i\000\040\000c\000i\000e\000n\000k\000i\000e\000j}{subsection.3.1}% 19
\BOOKMARK [3][-]{subsubsection.3.1.3}{\376\377\000Z\000d\000o\000l\000n\000o\001\133\001\007\000\040\000s\000k\000u\000p\000i\000a\000j\001\005\000c\000a\000\040\000s\000o\000c\000z\000e\000w\000k\000i}{subsection.3.1}% 20
\BOOKMARK [3][-]{subsubsection.3.1.4}{\376\377\000R\000\363\000w\000n\000a\000n\000i\000e\000\040\000s\000z\000l\000i\000f\000i\000e\000r\000z\000y\000\040\000s\000o\000c\000z\000e\000w\000e\000k\000\040\000\050\000s\000o\000c\000z\000e\000w\000k\000i\000\040\000r\000z\000e\000c\000z\000y\000w\000i\000s\000t\000e\000\051}{subsection.3.1}% 21
\BOOKMARK [3][-]{subsubsection.3.1.5}{\376\377\000P\000o\000w\000i\001\031\000k\000s\000z\000e\000n\000i\000e\000\040\000p\000r\000z\000e\000z\000\040\000s\000o\000c\000z\000e\000w\000k\001\031}{subsection.3.1}% 22
\BOOKMARK [3][-]{subsubsection.3.1.6}{\376\377\000O\000b\000r\000a\000z\000y\000\040\000w\000\040\000s\000o\000c\000z\000e\000w\000c\000e\000\040\000s\000k\000u\000p\000i\000a\000j\001\005\000c\000e\000j\000\040\040\023\000\040\000p\000o\000d\000s\000u\000m\000o\000w\000a\000n\000i\000e}{subsection.3.1}% 23
\BOOKMARK [3][-]{subsubsection.3.1.7}{\376\377\000K\000o\000n\000s\000t\000r\000u\000k\000c\000j\000a\000\040\000g\000e\000o\000m\000e\000t\000r\000y\000c\000z\000n\000a\000\040\000o\000b\000r\000a\000z\000\363\000w\000\040\000w\000\040\000s\000o\000c\000z\000e\000w\000c\000e}{subsection.3.1}% 24
\BOOKMARK [1][-]{section.4}{\376\377\000O\000d\000b\000i\000c\000i\000e\000\040\000i\000\040\000z\000a\001\102\000a\000m\000a\000n\000i\000e\000\040\001\133\000w\000i\000a\000t\001\102\000a}{}% 25
\BOOKMARK [2][-]{subsection.4.1}{\376\377\000W\000s\000p\000\363\001\102\000c\000z\000y\000n\000n\000i\000k\000\040\000z\000a\001\102\000a\000m\000a\000n\000i\000a\000\040\001\133\000w\000i\000a\000t\001\102\000a}{section.4}% 26
\BOOKMARK [2][-]{subsection.4.2}{\376\377\000K\001\005\000t\000y\000\040\000p\000a\000d\000a\000n\000i\000a\000,\000\040\000o\000d\000b\000i\000c\000i\000a\000\040\000i\000\040\000z\000a\001\102\000a\000m\000a\000n\000i\000a}{section.4}% 27
\BOOKMARK [2][-]{subsection.4.3}{\376\377\000P\000r\000a\000w\000o\000\040\000o\000d\000b\000i\000c\000i\000a}{section.4}% 28
\BOOKMARK [2][-]{subsection.4.4}{\376\377\000P\000r\000a\000w\000o\000\040\000S\000n\000e\000l\000l\000a\000\040\000\050\000S\000n\000e\000l\000l\000i\000u\000s\000a\000\051}{section.4}% 29
\BOOKMARK [3][-]{subsubsection.4.4.1}{\376\377\000C\000a\001\102\000k\000o\000w\000i\000t\000e\000\040\000w\000e\000w\000n\001\031\000t\000r\000z\000n\000e\000\040\000o\000d\000b\000i\000c\000i\000e}{subsection.4.4}% 30
\BOOKMARK [1][-]{section.5}{\376\377\000R\000o\000z\000s\000z\000c\000z\000e\000p\000i\000e\000n\000i\000e\000\040\001\133\000w\000i\000a\000t\001\102\000a}{}% 31
\BOOKMARK [2][-]{subsection.5.1}{\376\377\000D\000y\000s\000p\000e\000r\000s\000j\000a\000\040\000c\000h\000r\000o\000m\000a\000t\000y\000c\000z\000n\000a}{section.5}% 32
\BOOKMARK [2][-]{subsection.5.2}{\376\377\000W\000i\000d\000m\000o\000\040\000p\000r\000o\000m\000i\000e\000n\000i\000o\000w\000a\000n\000i\000a\000\040\000e\000l\000e\000k\000t\000r\000o\000m\000a\000g\000n\000e\000t\000y\000c\000z\000n\000e\000g\000o}{section.5}% 33
\BOOKMARK [2][-]{subsection.5.3}{\376\377\000B\000i\000e\000g\000\040\000p\000r\000o\000m\000i\000e\000n\000i\000a\000\040\000w\000\040\000p\000r\000y\000z\000m\000a\000c\000i\000e}{section.5}% 34
\BOOKMARK [3][-]{subsubsection.5.3.1}{\376\377\000K\001\005\000t\000\040\001\102\000a\000m\000i\001\005\000c\000y\000\040\000p\000r\000y\000z\000m\000a\000t\000u\000\040\000i\000\040\000o\000d\000c\000h\000y\000l\000e\000n\000i\000e\000\040\000p\000r\000o\000m\000i\000e\000n\000i\000a}{subsection.5.3}% 35
\BOOKMARK [3][-]{subsubsection.5.3.2}{\376\377\000N\000a\000j\000m\000n\000i\000e\000j\000s\000z\000y\000\040\000k\001\005\000t\000\040\000o\000d\000c\000h\000y\000l\000e\000n\000i\000a\000\040}{subsection.5.3}% 36
\BOOKMARK [2][-]{subsection.5.4}{\376\377\000P\000r\000z\000y\000k\001\102\000a\000d\000:\000\040\000R\000o\000z\000s\000z\000c\000z\000e\000p\000i\000e\000n\000i\000e\000\040\000b\000i\000a\001\102\000e\000g\000o\000\040\001\133\000w\000i\000a\000t\001\102\000a\000\040\000w\000\040\000p\000r\000y\000z\000m\000a\000c\000i\000e}{section.5}% 37
\BOOKMARK [1][-]{section.6}{\376\377\000Z\000e\000s\000t\000a\000w\000i\000e\000n\000i\000e\000\040\000w\000s\000z\000y\000s\000t\000k\000i\000c\000h\000\040\000w\000z\000o\000r\000\363\000w}{}% 38
